<?xml version="1.0" encoding="UTF-8"?>
<testng-results ignored="0" total="3" passed="3" failed="0" skipped="0">
  <reporter-output>
  </reporter-output>
  <suite started-at="2021-10-20T12:14:19 UTC" name="Practice Suite" finished-at="2021-10-20T12:14:40 UTC" duration-ms="20655">
    <groups>
    </groups>
    <test started-at="2021-10-20T12:14:19 UTC" name="Test Basic functionality" finished-at="2021-10-20T12:14:40 UTC" duration-ms="20655">
      <class name="com.login.LoginFunctionality">
        <test-method signature="logReport()[pri:0, instance:com.login.LoginFunctionality@dd0c991]" started-at="2021-10-20T12:14:19 UTC" name="logReport" finished-at="2021-10-20T12:14:19 UTC" duration-ms="42" status="PASS">
          <reporter-output>
          </reporter-output>
        </test-method> <!-- logReport -->
        <test-method signature="login()[pri:0, instance:com.login.LoginFunctionality@dd0c991]" started-at="2021-10-20T12:14:19 UTC" name="login" finished-at="2021-10-20T12:14:40 UTC" duration-ms="20580" status="PASS">
          <reporter-output>
          </reporter-output>
        </test-method> <!-- login -->
        <test-method signature="logout()[pri:0, instance:com.login.LoginFunctionality@dd0c991]" started-at="2021-10-20T12:14:40 UTC" name="logout" finished-at="2021-10-20T12:14:40 UTC" duration-ms="0" status="PASS">
          <reporter-output>
          </reporter-output>
        </test-method> <!-- logout -->
      </class> <!-- com.login.LoginFunctionality -->
    </test> <!-- Test Basic functionality -->
  </suite> <!-- Practice Suite -->
</testng-results>
