<?xml version="1.0" encoding="UTF-8"?>
<testsuite xmlns:xsi="http://www.w3.org/2001/XMLSchema-instance" xsi:noNamespaceSchemaLocation="https://maven.apache.org/surefire/maven-surefire-plugin/xsd/surefire-test-report-3.0.xsd" version="3.0" name="TestSuite" time="21.702" tests="3" errors="0" skipped="0" failures="0">
  <properties>
[...]
</properties>
  <testcase name="logReport" classname="com.login.LoginFunctionality" time="0.041">
    <system-out><![CDATA[
Logo: https://i.ibb.co/9qBkwDF/Testing-Fox-Logo.png
File name: testng_metrics.html
Append timestamp?: null
File name(timestamp): testng_metrics.html

]]></system-out>
    <system-err><![CDATA[Oct 20, 2021 12:14:19 PM com.login.LoginFunctionality logReport
INFO: successfully logged into gmail
]]></system-err>
  </testcase>
  <testcase name="login" classname="com.login.LoginFunctionality" time="20.611">
    <system-err><![CDATA[SLF4J: Failed to load class "org.slf4j.impl.StaticLoggerBinder".
SLF4J: Defaulting to no-operation (NOP) logger implementation
SLF4J: See http://www.slf4j.org/codes.html#StaticLoggerBinder for further details.
Starting ChromeDriver 94.0.4606.61 (418b78f5838ed0b1c69bb4e51ea0252171854915-refs/branch-heads/4606@{#1204}) on port 28213
Only local connections are allowed.
Please see https://chromedriver.chromium.org/security-considerations for suggestions on keeping ChromeDriver safe.
ChromeDriver was started successfully.
Oct 20, 2021 12:14:37 PM org.openqa.selenium.remote.ProtocolHandshake createSession
INFO: Detected dialect: W3C
Oct 20, 2021 12:14:40 PM com.login.LoginFunctionality login
INFO: successfully logged into gmail
]]></system-err>
  </testcase>
  <testcase name="logout" classname="com.login.LoginFunctionality" time="0">
    <system-out><![CDATA[abcd
]]></system-out>
  </testcase>
</testsuite>