<?xml version="1.0" encoding="UTF-8"?>
<testng-results ignored="0" total="3" passed="3" failed="0" skipped="0">
  <reporter-output>
  </reporter-output>
  <suite started-at="2021-10-20T12:11:26 UTC" name="Practice Suite" finished-at="2021-10-20T12:11:31 UTC" duration-ms="4268">
    <groups>
    </groups>
    <test started-at="2021-10-20T12:11:26 UTC" name="Test Basic functionality" finished-at="2021-10-20T12:11:31 UTC" duration-ms="4268">
      <class name="com.login.LoginFunctionality">
        <test-method signature="logReport()[pri:0, instance:com.login.LoginFunctionality@6bf0219d]" started-at="2021-10-20T12:11:26 UTC" name="logReport" finished-at="2021-10-20T12:11:26 UTC" duration-ms="76" status="PASS">
          <reporter-output>
          </reporter-output>
        </test-method> <!-- logReport -->
        <test-method signature="login()[pri:0, instance:com.login.LoginFunctionality@6bf0219d]" started-at="2021-10-20T12:11:26 UTC" name="login" finished-at="2021-10-20T12:11:31 UTC" duration-ms="4133" status="PASS">
          <reporter-output>
          </reporter-output>
        </test-method> <!-- login -->
        <test-method signature="logout()[pri:0, instance:com.login.LoginFunctionality@6bf0219d]" started-at="2021-10-20T12:11:31 UTC" name="logout" finished-at="2021-10-20T12:11:31 UTC" duration-ms="1" status="PASS">
          <reporter-output>
          </reporter-output>
        </test-method> <!-- logout -->
      </class> <!-- com.login.LoginFunctionality -->
    </test> <!-- Test Basic functionality -->
  </suite> <!-- Practice Suite -->
</testng-results>
